2013-11-04T23:50:10.222Z - error: uncaughtException: Cannot find module 'passport-twitter' date=Mon Nov 04 2013 18:50:10 GMT-0500 (Eastern Standard Time), pid=1592, uid=null, gid=null, cwd=C:\dev\repos\github\temple-acm-site, execPath=C:\Program Files\nodejs\node.exe, version=v0.10.13, argv=[node, C:\dev\repos\github\temple-acm-site\server.js], rss=28573696, heapTotal=28055552, heapUsed=10946368, loadavg=[0, 0, 0], uptime=16244.7143769, trace=[column=15, file=module.js, function=Function.Module._resolveFilename, line=338, method=Module._resolveFilename, native=false, column=25, file=module.js, function=Function.Module._load, line=280, method=Module._load, native=false, column=17, file=module.js, function=Module.require, line=364, method=require, native=false, column=17, file=module.js, function=require, line=380, method=null, native=false, column=23, file=C:\dev\repos\github\temple-acm-site\config\passport.js, function=, line=3, method=null, native=false, column=26, file=module.js, function=Module._compile, line=456, method=_compile, native=false, column=10, file=module.js, function=Object.Module._extensions..js, line=474, method=Module._extensions..js, native=false, column=32, file=module.js, function=Module.load, line=356, method=load, native=false, column=12, file=module.js, function=Function.Module._load, line=312, method=Module._load, native=false, column=17, file=module.js, function=Module.require, line=364, method=require, native=false], stack=[Error: Cannot find module 'passport-twitter',     at Function.Module._resolveFilename (module.js:338:15),     at Function.Module._load (module.js:280:25),     at Module.require (module.js:364:17),     at require (module.js:380:17),     at Object.<anonymous> (C:\dev\repos\github\temple-acm-site\config\passport.js:3:23),     at Module._compile (module.js:456:26),     at Object.Module._extensions..js (module.js:474:10),     at Module.load (module.js:356:32),     at Function.Module._load (module.js:312:12),     at Module.require (module.js:364:17)]
2013-11-05T00:02:01.798Z - error: uncaughtException: Cannot find module 'passport-twitter' date=Mon Nov 04 2013 19:02:01 GMT-0500 (Eastern Standard Time), pid=7944, uid=null, gid=null, cwd=C:\dev\repos\github\temple-acm-site, execPath=C:\Program Files\nodejs\node.exe, version=v0.10.13, argv=[C:\Program Files\nodejs\node.exe, C:\dev\repos\github\temple-acm-site\server.js], rss=28438528, heapTotal=28055552, heapUsed=10807184, loadavg=[0, 0, 0], uptime=16956.2881484, trace=[column=15, file=module.js, function=Function.Module._resolveFilename, line=338, method=Module._resolveFilename, native=false, column=25, file=module.js, function=Function.Module._load, line=280, method=Module._load, native=false, column=17, file=module.js, function=Module.require, line=364, method=require, native=false, column=17, file=module.js, function=require, line=380, method=null, native=false, column=23, file=C:\dev\repos\github\temple-acm-site\config\passport.js, function=, line=3, method=null, native=false, column=26, file=module.js, function=Module._compile, line=456, method=_compile, native=false, column=10, file=module.js, function=Object.Module._extensions..js, line=474, method=Module._extensions..js, native=false, column=32, file=module.js, function=Module.load, line=356, method=load, native=false, column=12, file=module.js, function=Function.Module._load, line=312, method=Module._load, native=false, column=17, file=module.js, function=Module.require, line=364, method=require, native=false], stack=[Error: Cannot find module 'passport-twitter',     at Function.Module._resolveFilename (module.js:338:15),     at Function.Module._load (module.js:280:25),     at Module.require (module.js:364:17),     at require (module.js:380:17),     at Object.<anonymous> (C:\dev\repos\github\temple-acm-site\config\passport.js:3:23),     at Module._compile (module.js:456:26),     at Object.Module._extensions..js (module.js:474:10),     at Module.load (module.js:356:32),     at Function.Module._load (module.js:312:12),     at Module.require (module.js:364:17)]
2013-11-05T00:03:35.743Z - error: uncaughtException: Schema hasn't been registered for model "User".
Use mongoose.model(name, schema) date=Mon Nov 04 2013 19:03:35 GMT-0500 (Eastern Standard Time), pid=3096, uid=null, gid=null, cwd=C:\dev\repos\github\temple-acm-site, execPath=C:\Program Files\nodejs\node.exe, version=v0.10.13, argv=[C:\Program Files\nodejs\node.exe, C:\dev\repos\github\temple-acm-site\server.js], rss=34504704, heapTotal=29087488, heapUsed=13926360, loadavg=[0, 0, 0], uptime=17050.2324027, trace=[column=13, file=C:\dev\repos\github\temple-acm-site\node_modules\mongoose\lib\index.js, function=Mongoose.model, line=315, method=model, native=false, column=21, file=C:\dev\repos\github\temple-acm-site\app\controllers\users.js, function=, line=5, method=null, native=false, column=26, file=module.js, function=Module._compile, line=456, method=_compile, native=false, column=10, file=module.js, function=Object.Module._extensions..js, line=474, method=Module._extensions..js, native=false, column=32, file=module.js, function=Module.load, line=356, method=load, native=false, column=12, file=module.js, function=Function.Module._load, line=312, method=Module._load, native=false, column=17, file=module.js, function=Module.require, line=364, method=require, native=false, column=17, file=module.js, function=require, line=380, method=null, native=false, column=22, file=C:\dev\repos\github\temple-acm-site\app\routes.js, function=, line=12, method=null, native=false, column=26, file=module.js, function=Module._compile, line=456, method=_compile, native=false], stack=[MissingSchemaError: Schema hasn't been registered for model "User"., Use mongoose.model(name, schema),     at Mongoose.model (C:\dev\repos\github\temple-acm-site\node_modules\mongoose\lib\index.js:315:13),     at Object.<anonymous> (C:\dev\repos\github\temple-acm-site\app\controllers\users.js:5:21),     at Module._compile (module.js:456:26),     at Object.Module._extensions..js (module.js:474:10),     at Module.load (module.js:356:32),     at Function.Module._load (module.js:312:12),     at Module.require (module.js:364:17),     at require (module.js:380:17),     at Object.<anonymous> (C:\dev\repos\github\temple-acm-site\app\routes.js:12:22),     at Module._compile (module.js:456:26)]
2013-11-05T00:06:26.307Z - error: uncaughtException: Schema hasn't been registered for model "User".
Use mongoose.model(name, schema) date=Mon Nov 04 2013 19:06:26 GMT-0500 (Eastern Standard Time), pid=7020, uid=null, gid=null, cwd=C:\dev\repos\github\temple-acm-site, execPath=C:\Program Files\nodejs\node.exe, version=v0.10.13, argv=[C:\Program Files\nodejs\node.exe, C:\dev\repos\github\temple-acm-site\server.js], rss=34533376, heapTotal=29087488, heapUsed=13905048, loadavg=[0, 0, 0], uptime=17220.7948634, trace=[column=13, file=C:\dev\repos\github\temple-acm-site\node_modules\mongoose\lib\index.js, function=Mongoose.model, line=315, method=model, native=false, column=21, file=C:\dev\repos\github\temple-acm-site\app\controllers\users.js, function=, line=5, method=null, native=false, column=26, file=module.js, function=Module._compile, line=456, method=_compile, native=false, column=10, file=module.js, function=Object.Module._extensions..js, line=474, method=Module._extensions..js, native=false, column=32, file=module.js, function=Module.load, line=356, method=load, native=false, column=12, file=module.js, function=Function.Module._load, line=312, method=Module._load, native=false, column=17, file=module.js, function=Module.require, line=364, method=require, native=false, column=17, file=module.js, function=require, line=380, method=null, native=false, column=22, file=C:\dev\repos\github\temple-acm-site\app\routes.js, function=, line=12, method=null, native=false, column=26, file=module.js, function=Module._compile, line=456, method=_compile, native=false], stack=[MissingSchemaError: Schema hasn't been registered for model "User"., Use mongoose.model(name, schema),     at Mongoose.model (C:\dev\repos\github\temple-acm-site\node_modules\mongoose\lib\index.js:315:13),     at Object.<anonymous> (C:\dev\repos\github\temple-acm-site\app\controllers\users.js:5:21),     at Module._compile (module.js:456:26),     at Object.Module._extensions..js (module.js:474:10),     at Module.load (module.js:356:32),     at Function.Module._load (module.js:312:12),     at Module.require (module.js:364:17),     at require (module.js:380:17),     at Object.<anonymous> (C:\dev\repos\github\temple-acm-site\app\routes.js:12:22),     at Module._compile (module.js:456:26)]
2013-11-05T00:10:26.025Z - error: uncaughtException: Schema hasn't been registered for model "User".
Use mongoose.model(name, schema) date=Mon Nov 04 2013 19:10:26 GMT-0500 (Eastern Standard Time), pid=6316, uid=null, gid=null, cwd=C:\dev\repos\github\temple-acm-site, execPath=C:\Program Files\nodejs\node.exe, version=v0.10.13, argv=[C:\Program Files\nodejs\node.exe, C:\dev\repos\github\temple-acm-site\server.js], rss=34492416, heapTotal=29087488, heapUsed=13901328, loadavg=[0, 0, 0], uptime=17460.5142127, trace=[column=13, file=C:\dev\repos\github\temple-acm-site\node_modules\mongoose\lib\index.js, function=Mongoose.model, line=315, method=model, native=false, column=21, file=C:\dev\repos\github\temple-acm-site\app\controllers\users.js, function=, line=5, method=null, native=false, column=26, file=module.js, function=Module._compile, line=456, method=_compile, native=false, column=10, file=module.js, function=Object.Module._extensions..js, line=474, method=Module._extensions..js, native=false, column=32, file=module.js, function=Module.load, line=356, method=load, native=false, column=12, file=module.js, function=Function.Module._load, line=312, method=Module._load, native=false, column=17, file=module.js, function=Module.require, line=364, method=require, native=false, column=17, file=module.js, function=require, line=380, method=null, native=false, column=22, file=C:\dev\repos\github\temple-acm-site\app\routes.js, function=, line=12, method=null, native=false, column=26, file=module.js, function=Module._compile, line=456, method=_compile, native=false], stack=[MissingSchemaError: Schema hasn't been registered for model "User"., Use mongoose.model(name, schema),     at Mongoose.model (C:\dev\repos\github\temple-acm-site\node_modules\mongoose\lib\index.js:315:13),     at Object.<anonymous> (C:\dev\repos\github\temple-acm-site\app\controllers\users.js:5:21),     at Module._compile (module.js:456:26),     at Object.Module._extensions..js (module.js:474:10),     at Module.load (module.js:356:32),     at Function.Module._load (module.js:312:12),     at Module.require (module.js:364:17),     at require (module.js:380:17),     at Object.<anonymous> (C:\dev\repos\github\temple-acm-site\app\routes.js:12:22),     at Module._compile (module.js:456:26)]
2013-11-05T00:13:27.500Z - error: uncaughtException: Schema hasn't been registered for model "User".
Use mongoose.model(name, schema) date=Mon Nov 04 2013 19:13:27 GMT-0500 (Eastern Standard Time), pid=7256, uid=null, gid=null, cwd=C:\dev\repos\github\temple-acm-site, execPath=C:\Program Files\nodejs\node.exe, version=v0.10.13, argv=[C:\Program Files\nodejs\node.exe, C:\dev\repos\github\temple-acm-site\server.js], rss=34488320, heapTotal=29087488, heapUsed=13901664, loadavg=[0, 0, 0], uptime=17641.9908648, trace=[column=13, file=C:\dev\repos\github\temple-acm-site\node_modules\mongoose\lib\index.js, function=Mongoose.model, line=315, method=model, native=false, column=21, file=C:\dev\repos\github\temple-acm-site\app\controllers\users.js, function=, line=5, method=null, native=false, column=26, file=module.js, function=Module._compile, line=456, method=_compile, native=false, column=10, file=module.js, function=Object.Module._extensions..js, line=474, method=Module._extensions..js, native=false, column=32, file=module.js, function=Module.load, line=356, method=load, native=false, column=12, file=module.js, function=Function.Module._load, line=312, method=Module._load, native=false, column=17, file=module.js, function=Module.require, line=364, method=require, native=false, column=17, file=module.js, function=require, line=380, method=null, native=false, column=22, file=C:\dev\repos\github\temple-acm-site\app\routes.js, function=, line=12, method=null, native=false, column=26, file=module.js, function=Module._compile, line=456, method=_compile, native=false], stack=[MissingSchemaError: Schema hasn't been registered for model "User"., Use mongoose.model(name, schema),     at Mongoose.model (C:\dev\repos\github\temple-acm-site\node_modules\mongoose\lib\index.js:315:13),     at Object.<anonymous> (C:\dev\repos\github\temple-acm-site\app\controllers\users.js:5:21),     at Module._compile (module.js:456:26),     at Object.Module._extensions..js (module.js:474:10),     at Module.load (module.js:356:32),     at Function.Module._load (module.js:312:12),     at Module.require (module.js:364:17),     at require (module.js:380:17),     at Object.<anonymous> (C:\dev\repos\github\temple-acm-site\app\routes.js:12:22),     at Module._compile (module.js:456:26)]
2013-11-05T00:13:40.162Z - error: uncaughtException: Schema hasn't been registered for model "User".
Use mongoose.model(name, schema) date=Mon Nov 04 2013 19:13:40 GMT-0500 (Eastern Standard Time), pid=460, uid=null, gid=null, cwd=C:\dev\repos\github\temple-acm-site, execPath=C:\Program Files\nodejs\node.exe, version=v0.10.13, argv=[C:\Program Files\nodejs\node.exe, C:\dev\repos\github\temple-acm-site\server.js], rss=34488320, heapTotal=29087488, heapUsed=13900112, loadavg=[0, 0, 0], uptime=17654.653583, trace=[column=13, file=C:\dev\repos\github\temple-acm-site\node_modules\mongoose\lib\index.js, function=Mongoose.model, line=315, method=model, native=false, column=21, file=C:\dev\repos\github\temple-acm-site\app\controllers\users.js, function=, line=5, method=null, native=false, column=26, file=module.js, function=Module._compile, line=456, method=_compile, native=false, column=10, file=module.js, function=Object.Module._extensions..js, line=474, method=Module._extensions..js, native=false, column=32, file=module.js, function=Module.load, line=356, method=load, native=false, column=12, file=module.js, function=Function.Module._load, line=312, method=Module._load, native=false, column=17, file=module.js, function=Module.require, line=364, method=require, native=false, column=17, file=module.js, function=require, line=380, method=null, native=false, column=22, file=C:\dev\repos\github\temple-acm-site\app\routes.js, function=, line=12, method=null, native=false, column=26, file=module.js, function=Module._compile, line=456, method=_compile, native=false], stack=[MissingSchemaError: Schema hasn't been registered for model "User"., Use mongoose.model(name, schema),     at Mongoose.model (C:\dev\repos\github\temple-acm-site\node_modules\mongoose\lib\index.js:315:13),     at Object.<anonymous> (C:\dev\repos\github\temple-acm-site\app\controllers\users.js:5:21),     at Module._compile (module.js:456:26),     at Object.Module._extensions..js (module.js:474:10),     at Module.load (module.js:356:32),     at Function.Module._load (module.js:312:12),     at Module.require (module.js:364:17),     at require (module.js:380:17),     at Object.<anonymous> (C:\dev\repos\github\temple-acm-site\app\routes.js:12:22),     at Module._compile (module.js:456:26)]
2013-11-05T00:16:51.752Z - error: uncaughtException: Schema hasn't been registered for model "User".
Use mongoose.model(name, schema) date=Mon Nov 04 2013 19:16:51 GMT-0500 (Eastern Standard Time), pid=5124, uid=null, gid=null, cwd=C:\dev\repos\github\temple-acm-site, execPath=C:\Program Files\nodejs\node.exe, version=v0.10.13, argv=[C:\Program Files\nodejs\node.exe, C:\dev\repos\github\temple-acm-site\server.js], rss=34476032, heapTotal=29087488, heapUsed=13899936, loadavg=[0, 0, 0], uptime=17846.2417919, trace=[column=13, file=C:\dev\repos\github\temple-acm-site\node_modules\mongoose\lib\index.js, function=Mongoose.model, line=315, method=model, native=false, column=21, file=C:\dev\repos\github\temple-acm-site\app\controllers\users.js, function=, line=5, method=null, native=false, column=26, file=module.js, function=Module._compile, line=456, method=_compile, native=false, column=10, file=module.js, function=Object.Module._extensions..js, line=474, method=Module._extensions..js, native=false, column=32, file=module.js, function=Module.load, line=356, method=load, native=false, column=12, file=module.js, function=Function.Module._load, line=312, method=Module._load, native=false, column=17, file=module.js, function=Module.require, line=364, method=require, native=false, column=17, file=module.js, function=require, line=380, method=null, native=false, column=22, file=C:\dev\repos\github\temple-acm-site\app\routes.js, function=, line=12, method=null, native=false, column=26, file=module.js, function=Module._compile, line=456, method=_compile, native=false], stack=[MissingSchemaError: Schema hasn't been registered for model "User"., Use mongoose.model(name, schema),     at Mongoose.model (C:\dev\repos\github\temple-acm-site\node_modules\mongoose\lib\index.js:315:13),     at Object.<anonymous> (C:\dev\repos\github\temple-acm-site\app\controllers\users.js:5:21),     at Module._compile (module.js:456:26),     at Object.Module._extensions..js (module.js:474:10),     at Module.load (module.js:356:32),     at Function.Module._load (module.js:312:12),     at Module.require (module.js:364:17),     at require (module.js:380:17),     at Object.<anonymous> (C:\dev\repos\github\temple-acm-site\app\routes.js:12:22),     at Module._compile (module.js:456:26)]
2013-11-05T00:17:14.209Z - error: uncaughtException: Schema hasn't been registered for model "User".
Use mongoose.model(name, schema) date=Mon Nov 04 2013 19:17:14 GMT-0500 (Eastern Standard Time), pid=8060, uid=null, gid=null, cwd=C:\dev\repos\github\temple-acm-site, execPath=C:\Program Files\nodejs\node.exe, version=v0.10.13, argv=[C:\Program Files\nodejs\node.exe, C:\dev\repos\github\temple-acm-site\server.js], rss=34324480, heapTotal=29087488, heapUsed=13899376, loadavg=[0, 0, 0], uptime=17868.7010578, trace=[column=13, file=C:\dev\repos\github\temple-acm-site\node_modules\mongoose\lib\index.js, function=Mongoose.model, line=315, method=model, native=false, column=21, file=C:\dev\repos\github\temple-acm-site\app\controllers\users.js, function=, line=5, method=null, native=false, column=26, file=module.js, function=Module._compile, line=456, method=_compile, native=false, column=10, file=module.js, function=Object.Module._extensions..js, line=474, method=Module._extensions..js, native=false, column=32, file=module.js, function=Module.load, line=356, method=load, native=false, column=12, file=module.js, function=Function.Module._load, line=312, method=Module._load, native=false, column=17, file=module.js, function=Module.require, line=364, method=require, native=false, column=17, file=module.js, function=require, line=380, method=null, native=false, column=22, file=C:\dev\repos\github\temple-acm-site\app\routes.js, function=, line=12, method=null, native=false, column=26, file=module.js, function=Module._compile, line=456, method=_compile, native=false], stack=[MissingSchemaError: Schema hasn't been registered for model "User"., Use mongoose.model(name, schema),     at Mongoose.model (C:\dev\repos\github\temple-acm-site\node_modules\mongoose\lib\index.js:315:13),     at Object.<anonymous> (C:\dev\repos\github\temple-acm-site\app\controllers\users.js:5:21),     at Module._compile (module.js:456:26),     at Object.Module._extensions..js (module.js:474:10),     at Module.load (module.js:356:32),     at Function.Module._load (module.js:312:12),     at Module.require (module.js:364:17),     at require (module.js:380:17),     at Object.<anonymous> (C:\dev\repos\github\temple-acm-site\app\routes.js:12:22),     at Module._compile (module.js:456:26)]
2013-11-05T00:18:23.583Z - error: uncaughtException: Schema hasn't been registered for model "User".
Use mongoose.model(name, schema) date=Mon Nov 04 2013 19:18:23 GMT-0500 (Eastern Standard Time), pid=6376, uid=null, gid=null, cwd=C:\dev\repos\github\temple-acm-site, execPath=C:\Program Files\nodejs\node.exe, version=v0.10.13, argv=[C:\Program Files\nodejs\node.exe, C:\dev\repos\github\temple-acm-site\server.js], rss=34476032, heapTotal=29087488, heapUsed=13900392, loadavg=[0, 0, 0], uptime=17938.0719063, trace=[column=13, file=C:\dev\repos\github\temple-acm-site\node_modules\mongoose\lib\index.js, function=Mongoose.model, line=315, method=model, native=false, column=21, file=C:\dev\repos\github\temple-acm-site\app\controllers\users.js, function=, line=5, method=null, native=false, column=26, file=module.js, function=Module._compile, line=456, method=_compile, native=false, column=10, file=module.js, function=Object.Module._extensions..js, line=474, method=Module._extensions..js, native=false, column=32, file=module.js, function=Module.load, line=356, method=load, native=false, column=12, file=module.js, function=Function.Module._load, line=312, method=Module._load, native=false, column=17, file=module.js, function=Module.require, line=364, method=require, native=false, column=17, file=module.js, function=require, line=380, method=null, native=false, column=22, file=C:\dev\repos\github\temple-acm-site\app\routes.js, function=, line=12, method=null, native=false, column=26, file=module.js, function=Module._compile, line=456, method=_compile, native=false], stack=[MissingSchemaError: Schema hasn't been registered for model "User"., Use mongoose.model(name, schema),     at Mongoose.model (C:\dev\repos\github\temple-acm-site\node_modules\mongoose\lib\index.js:315:13),     at Object.<anonymous> (C:\dev\repos\github\temple-acm-site\app\controllers\users.js:5:21),     at Module._compile (module.js:456:26),     at Object.Module._extensions..js (module.js:474:10),     at Module.load (module.js:356:32),     at Function.Module._load (module.js:312:12),     at Module.require (module.js:364:17),     at require (module.js:380:17),     at Object.<anonymous> (C:\dev\repos\github\temple-acm-site\app\routes.js:12:22),     at Module._compile (module.js:456:26)]
2013-11-05T00:18:37.122Z - error: uncaughtException: Schema hasn't been registered for model "User".
Use mongoose.model(name, schema) date=Mon Nov 04 2013 19:18:37 GMT-0500 (Eastern Standard Time), pid=6848, uid=null, gid=null, cwd=C:\dev\repos\github\temple-acm-site, execPath=C:\Program Files\nodejs\node.exe, version=v0.10.13, argv=[C:\Program Files\nodejs\node.exe, C:\dev\repos\github\temple-acm-site\server.js], rss=34492416, heapTotal=29087488, heapUsed=13900352, loadavg=[0, 0, 0], uptime=17951.61166, trace=[column=13, file=C:\dev\repos\github\temple-acm-site\node_modules\mongoose\lib\index.js, function=Mongoose.model, line=315, method=model, native=false, column=21, file=C:\dev\repos\github\temple-acm-site\app\controllers\users.js, function=, line=5, method=null, native=false, column=26, file=module.js, function=Module._compile, line=456, method=_compile, native=false, column=10, file=module.js, function=Object.Module._extensions..js, line=474, method=Module._extensions..js, native=false, column=32, file=module.js, function=Module.load, line=356, method=load, native=false, column=12, file=module.js, function=Function.Module._load, line=312, method=Module._load, native=false, column=17, file=module.js, function=Module.require, line=364, method=require, native=false, column=17, file=module.js, function=require, line=380, method=null, native=false, column=22, file=C:\dev\repos\github\temple-acm-site\app\routes.js, function=, line=12, method=null, native=false, column=26, file=module.js, function=Module._compile, line=456, method=_compile, native=false], stack=[MissingSchemaError: Schema hasn't been registered for model "User"., Use mongoose.model(name, schema),     at Mongoose.model (C:\dev\repos\github\temple-acm-site\node_modules\mongoose\lib\index.js:315:13),     at Object.<anonymous> (C:\dev\repos\github\temple-acm-site\app\controllers\users.js:5:21),     at Module._compile (module.js:456:26),     at Object.Module._extensions..js (module.js:474:10),     at Module.load (module.js:356:32),     at Function.Module._load (module.js:312:12),     at Module.require (module.js:364:17),     at require (module.js:380:17),     at Object.<anonymous> (C:\dev\repos\github\temple-acm-site\app\routes.js:12:22),     at Module._compile (module.js:456:26)]
2013-11-05T00:19:11.042Z - error: uncaughtException: Schema hasn't been registered for model "User".
Use mongoose.model(name, schema) date=Mon Nov 04 2013 19:19:11 GMT-0500 (Eastern Standard Time), pid=5668, uid=null, gid=null, cwd=C:\dev\repos\github\temple-acm-site, execPath=C:\Program Files\nodejs\node.exe, version=v0.10.13, argv=[C:\Program Files\nodejs\node.exe, C:\dev\repos\github\temple-acm-site\server.js], rss=34787328, heapTotal=29087488, heapUsed=13900648, loadavg=[0, 0, 0], uptime=17985.5335616, trace=[column=13, file=C:\dev\repos\github\temple-acm-site\node_modules\mongoose\lib\index.js, function=Mongoose.model, line=315, method=model, native=false, column=21, file=C:\dev\repos\github\temple-acm-site\app\controllers\users.js, function=, line=5, method=null, native=false, column=26, file=module.js, function=Module._compile, line=456, method=_compile, native=false, column=10, file=module.js, function=Object.Module._extensions..js, line=474, method=Module._extensions..js, native=false, column=32, file=module.js, function=Module.load, line=356, method=load, native=false, column=12, file=module.js, function=Function.Module._load, line=312, method=Module._load, native=false, column=17, file=module.js, function=Module.require, line=364, method=require, native=false, column=17, file=module.js, function=require, line=380, method=null, native=false, column=22, file=C:\dev\repos\github\temple-acm-site\app\routes.js, function=, line=12, method=null, native=false, column=26, file=module.js, function=Module._compile, line=456, method=_compile, native=false], stack=[MissingSchemaError: Schema hasn't been registered for model "User"., Use mongoose.model(name, schema),     at Mongoose.model (C:\dev\repos\github\temple-acm-site\node_modules\mongoose\lib\index.js:315:13),     at Object.<anonymous> (C:\dev\repos\github\temple-acm-site\app\controllers\users.js:5:21),     at Module._compile (module.js:456:26),     at Object.Module._extensions..js (module.js:474:10),     at Module.load (module.js:356:32),     at Function.Module._load (module.js:312:12),     at Module.require (module.js:364:17),     at require (module.js:380:17),     at Object.<anonymous> (C:\dev\repos\github\temple-acm-site\app\routes.js:12:22),     at Module._compile (module.js:456:26)]
2013-11-05T00:19:56.013Z - error: uncaughtException: Schema hasn't been registered for model "User".
Use mongoose.model(name, schema) date=Mon Nov 04 2013 19:19:56 GMT-0500 (Eastern Standard Time), pid=7120, uid=null, gid=null, cwd=C:\dev\repos\github\temple-acm-site, execPath=C:\Program Files\nodejs\node.exe, version=v0.10.13, argv=[C:\Program Files\nodejs\node.exe, C:\dev\repos\github\temple-acm-site\server.js], rss=34488320, heapTotal=29087488, heapUsed=13900424, loadavg=[0, 0, 0], uptime=18030.5040728, trace=[column=13, file=C:\dev\repos\github\temple-acm-site\node_modules\mongoose\lib\index.js, function=Mongoose.model, line=315, method=model, native=false, column=21, file=C:\dev\repos\github\temple-acm-site\app\controllers\users.js, function=, line=5, method=null, native=false, column=26, file=module.js, function=Module._compile, line=456, method=_compile, native=false, column=10, file=module.js, function=Object.Module._extensions..js, line=474, method=Module._extensions..js, native=false, column=32, file=module.js, function=Module.load, line=356, method=load, native=false, column=12, file=module.js, function=Function.Module._load, line=312, method=Module._load, native=false, column=17, file=module.js, function=Module.require, line=364, method=require, native=false, column=17, file=module.js, function=require, line=380, method=null, native=false, column=22, file=C:\dev\repos\github\temple-acm-site\app\routes.js, function=, line=12, method=null, native=false, column=26, file=module.js, function=Module._compile, line=456, method=_compile, native=false], stack=[MissingSchemaError: Schema hasn't been registered for model "User"., Use mongoose.model(name, schema),     at Mongoose.model (C:\dev\repos\github\temple-acm-site\node_modules\mongoose\lib\index.js:315:13),     at Object.<anonymous> (C:\dev\repos\github\temple-acm-site\app\controllers\users.js:5:21),     at Module._compile (module.js:456:26),     at Object.Module._extensions..js (module.js:474:10),     at Module.load (module.js:356:32),     at Function.Module._load (module.js:312:12),     at Module.require (module.js:364:17),     at require (module.js:380:17),     at Object.<anonymous> (C:\dev\repos\github\temple-acm-site\app\routes.js:12:22),     at Module._compile (module.js:456:26)]
2013-11-05T00:58:05.977Z - error: uncaughtException: Cannot find module './util/log' date=Mon Nov 04 2013 19:58:05 GMT-0500 (Eastern Standard Time), pid=5124, uid=null, gid=null, cwd=C:\dev\repos\github\temple-acm-site, execPath=C:\Program Files\nodejs\node.exe, version=v0.10.13, argv=[C:\Program Files\nodejs\node.exe, C:\dev\repos\github\temple-acm-site\server.js], rss=37740544, heapTotal=29087488, heapUsed=9246728, loadavg=[0, 0, 0], uptime=20320.4682354, trace=[column=15, file=module.js, function=Function.Module._resolveFilename, line=338, method=Module._resolveFilename, native=false, column=25, file=module.js, function=Function.Module._load, line=280, method=Module._load, native=false, column=17, file=module.js, function=Module.require, line=364, method=require, native=false, column=17, file=module.js, function=require, line=380, method=null, native=false, column=14, file=C:\dev\repos\github\temple-acm-site\app\routes.js, function=, line=11, method=null, native=false, column=26, file=module.js, function=Module._compile, line=456, method=_compile, native=false, column=10, file=module.js, function=Object.Module._extensions..js, line=474, method=Module._extensions..js, native=false, column=32, file=module.js, function=Module.load, line=356, method=load, native=false, column=12, file=module.js, function=Function.Module._load, line=312, method=Module._load, native=false, column=17, file=module.js, function=Module.require, line=364, method=require, native=false], stack=[Error: Cannot find module './util/log',     at Function.Module._resolveFilename (module.js:338:15),     at Function.Module._load (module.js:280:25),     at Module.require (module.js:364:17),     at require (module.js:380:17),     at Object.<anonymous> (C:\dev\repos\github\temple-acm-site\app\routes.js:11:14),     at Module._compile (module.js:456:26),     at Object.Module._extensions..js (module.js:474:10),     at Module.load (module.js:356:32),     at Function.Module._load (module.js:312:12),     at Module.require (module.js:364:17)]
2013-11-05T23:47:58.377Z - error: uncaughtException: Cannot find module './util/log' date=Tue Nov 05 2013 18:47:58 GMT-0500 (Eastern Standard Time), pid=8788, uid=null, gid=null, cwd=C:\dev\repos\github\temple-acm-site, execPath=C:\Program Files\nodejs\node.exe, version=v0.10.13, argv=[C:\Program Files\nodejs\node.exe, C:\dev\repos\github\temple-acm-site\server], rss=36904960, heapTotal=28055552, heapUsed=16603544, loadavg=[0, 0, 0], uptime=102512.837553, trace=[column=15, file=module.js, function=Function.Module._resolveFilename, line=338, method=Module._resolveFilename, native=false, column=25, file=module.js, function=Function.Module._load, line=280, method=Module._load, native=false, column=17, file=module.js, function=Module.require, line=364, method=require, native=false, column=17, file=module.js, function=require, line=380, method=null, native=false, column=14, file=C:\dev\repos\github\temple-acm-site\app\controllers\index.js, function=, line=11, method=null, native=false, column=26, file=module.js, function=Module._compile, line=456, method=_compile, native=false, column=10, file=module.js, function=Object.Module._extensions..js, line=474, method=Module._extensions..js, native=false, column=32, file=module.js, function=Module.load, line=356, method=load, native=false, column=12, file=module.js, function=Function.Module._load, line=312, method=Module._load, native=false, column=17, file=module.js, function=Module.require, line=364, method=require, native=false], stack=[Error: Cannot find module './util/log',     at Function.Module._resolveFilename (module.js:338:15),     at Function.Module._load (module.js:280:25),     at Module.require (module.js:364:17),     at require (module.js:380:17),     at Object.<anonymous> (C:\dev\repos\github\temple-acm-site\app\controllers\index.js:11:14),     at Module._compile (module.js:456:26),     at Object.Module._extensions..js (module.js:474:10),     at Module.load (module.js:356:32),     at Function.Module._load (module.js:312:12),     at Module.require (module.js:364:17)]
2013-11-06T03:18:27.266Z - error: uncaughtException: Unexpected token ) date=Tue Nov 05 2013 22:18:27 GMT-0500 (Eastern Standard Time), pid=7336, uid=null, gid=null, cwd=C:\dev\repos\github\temple-acm-site, execPath=C:\Program Files\nodejs\node.exe, version=v0.10.13, argv=[C:\Program Files\nodejs\node.exe, C:\dev\repos\github\temple-acm-site\server], rss=36823040, heapTotal=28055552, heapUsed=16554544, loadavg=[0, 0, 0], uptime=115141.7457351, trace=[column=25, file=module.js, function=Module._compile, line=439, method=_compile, native=false, column=10, file=module.js, function=Object.Module._extensions..js, line=474, method=Module._extensions..js, native=false, column=32, file=module.js, function=Module.load, line=356, method=load, native=false, column=12, file=module.js, function=Function.Module._load, line=312, method=Module._load, native=false, column=17, file=module.js, function=Module.require, line=364, method=require, native=false, column=17, file=module.js, function=require, line=380, method=null, native=false, column=19, file=C:\dev\repos\github\temple-acm-site\server.js, function=, line=19, method=null, native=false, column=26, file=module.js, function=Module._compile, line=456, method=_compile, native=false, column=10, file=module.js, function=Object.Module._extensions..js, line=474, method=Module._extensions..js, native=false, column=32, file=module.js, function=Module.load, line=356, method=load, native=false], stack=[SyntaxError: Unexpected token ),     at Module._compile (module.js:439:25),     at Object.Module._extensions..js (module.js:474:10),     at Module.load (module.js:356:32),     at Function.Module._load (module.js:312:12),     at Module.require (module.js:364:17),     at require (module.js:380:17),     at Object.<anonymous> (C:\dev\repos\github\temple-acm-site\server.js:19:19),     at Module._compile (module.js:456:26),     at Object.Module._extensions..js (module.js:474:10),     at Module.load (module.js:356:32)]
2013-11-09T15:22:48.246Z - error: uncaughtException: Object #<Object> has no method 'boostrap' date=Sat Nov 09 2013 10:22:48 GMT-0500 (Eastern Standard Time), pid=5376, uid=null, gid=null, cwd=C:\dev\repos\github\tendo, execPath=C:\Program Files\nodejs\node.exe, version=v0.10.13, argv=[node, C:\dev\repos\github\tendo\server.js], rss=36872192, heapTotal=29087488, heapUsed=16272848, loadavg=[0, 0, 0], uptime=41237.7372668, trace=[column=12, file=C:\dev\repos\github\tendo\server.js, function=, line=56, method=null, native=false, column=26, file=module.js, function=Module._compile, line=456, method=_compile, native=false, column=10, file=module.js, function=Object.Module._extensions..js, line=474, method=Module._extensions..js, native=false, column=32, file=module.js, function=Module.load, line=356, method=load, native=false, column=12, file=module.js, function=Function.Module._load, line=312, method=Module._load, native=false, column=10, file=module.js, function=Function.Module.runMain, line=497, method=Module.runMain, native=false, column=16, file=node.js, function=startup, line=119, method=null, native=false, column=3, file=node.js, function=null, line=901, method=null, native=false], stack=[TypeError: Object #<Object> has no method 'boostrap',     at Object.<anonymous> (C:\dev\repos\github\tendo\server.js:56:12),     at Module._compile (module.js:456:26),     at Object.Module._extensions..js (module.js:474:10),     at Module.load (module.js:356:32),     at Function.Module._load (module.js:312:12),     at Function.Module.runMain (module.js:497:10),     at startup (node.js:119:16),     at node.js:901:3]
2013-11-09T15:23:37.587Z - error: uncaughtException: Cannot find module 'peer' date=Sat Nov 09 2013 10:23:37 GMT-0500 (Eastern Standard Time), pid=6392, uid=null, gid=null, cwd=C:\dev\repos\github\tendo, execPath=C:\Program Files\nodejs\node.exe, version=v0.10.13, argv=[node, C:\dev\repos\github\tendo\server.js], rss=37445632, heapTotal=29087488, heapUsed=16700592, loadavg=[0, 0, 0], uptime=41287.0811327, trace=[column=15, file=module.js, function=Function.Module._resolveFilename, line=338, method=Module._resolveFilename, native=false, column=25, file=module.js, function=Function.Module._load, line=280, method=Module._load, native=false, column=17, file=module.js, function=Module.require, line=364, method=require, native=false, column=17, file=module.js, function=require, line=380, method=null, native=false, column=22, file=C:\dev\repos\github\tendo\config\peer.js, function=Object.module.exports.bootstrap, line=4, method=module.exports.bootstrap, native=false, column=12, file=C:\dev\repos\github\tendo\server.js, function=, line=56, method=null, native=false, column=26, file=module.js, function=Module._compile, line=456, method=_compile, native=false, column=10, file=module.js, function=Object.Module._extensions..js, line=474, method=Module._extensions..js, native=false, column=32, file=module.js, function=Module.load, line=356, method=load, native=false, column=12, file=module.js, function=Function.Module._load, line=312, method=Module._load, native=false], stack=[Error: Cannot find module 'peer',     at Function.Module._resolveFilename (module.js:338:15),     at Function.Module._load (module.js:280:25),     at Module.require (module.js:364:17),     at require (module.js:380:17),     at Object.module.exports.bootstrap (C:\dev\repos\github\tendo\config\peer.js:4:22),     at Object.<anonymous> (C:\dev\repos\github\tendo\server.js:56:12),     at Module._compile (module.js:456:26),     at Object.Module._extensions..js (module.js:474:10),     at Module.load (module.js:356:32),     at Function.Module._load (module.js:312:12)]
2013-11-09T21:32:09.295Z - error: uncaughtException: Cannot find module './api/util/wrapper.js' date=Sat Nov 09 2013 16:32:09 GMT-0500 (Eastern Standard Time), pid=9420, uid=null, gid=null, cwd=C:\Development\Programs\Repositories\tendo.io, execPath=C:\Program Files\nodejs\node.exe, version=v0.10.18, argv=[node, C:\Development\Programs\Repositories\tendo.io\server.js], rss=40034304, heapTotal=30119424, heapUsed=10117592, loadavg=[0, 0, 0], uptime=111086.7882073, trace=[column=15, file=module.js, function=Function.Module._resolveFilename, line=338, method=Module._resolveFilename, native=false, column=25, file=module.js, function=Function.Module._load, line=280, method=Module._load, native=false, column=17, file=module.js, function=Module.require, line=364, method=require, native=false, column=17, file=module.js, function=require, line=380, method=null, native=false, column=18, file=C:\Development\Programs\Repositories\tendo.io\app\lib\node-sauce\lib\sauce.js, function=, line=7, method=null, native=false, column=26, file=module.js, function=Module._compile, line=456, method=_compile, native=false, column=10, file=module.js, function=Object.Module._extensions..js, line=474, method=Module._extensions..js, native=false, column=32, file=module.js, function=Module.load, line=356, method=load, native=false, column=12, file=module.js, function=Function.Module._load, line=312, method=Module._load, native=false, column=17, file=module.js, function=Module.require, line=364, method=require, native=false], stack=[Error: Cannot find module './api/util/wrapper.js',     at Function.Module._resolveFilename (module.js:338:15),     at Function.Module._load (module.js:280:25),     at Module.require (module.js:364:17),     at require (module.js:380:17),     at Object.<anonymous> (C:\Development\Programs\Repositories\tendo.io\app\lib\node-sauce\lib\sauce.js:7:18),     at Module._compile (module.js:456:26),     at Object.Module._extensions..js (module.js:474:10),     at Module.load (module.js:356:32),     at Function.Module._load (module.js:312:12),     at Module.require (module.js:364:17)]
2013-11-09T21:33:46.853Z - error: uncaughtException: Cannot find module './api/util/wrapper.js' date=Sat Nov 09 2013 16:33:46 GMT-0500 (Eastern Standard Time), pid=7720, uid=null, gid=null, cwd=C:\Development\Programs\Repositories\tendo.io, execPath=C:\Program Files\nodejs\node.exe, version=v0.10.18, argv=[node, C:\Development\Programs\Repositories\tendo.io\server.js], rss=39915520, heapTotal=30119424, heapUsed=10079896, loadavg=[0, 0, 0], uptime=111184.3468939, trace=[column=15, file=module.js, function=Function.Module._resolveFilename, line=338, method=Module._resolveFilename, native=false, column=25, file=module.js, function=Function.Module._load, line=280, method=Module._load, native=false, column=17, file=module.js, function=Module.require, line=364, method=require, native=false, column=17, file=module.js, function=require, line=380, method=null, native=false, column=18, file=C:\Development\Programs\Repositories\tendo.io\app\lib\node-sauce\lib\sauce.js, function=, line=7, method=null, native=false, column=26, file=module.js, function=Module._compile, line=456, method=_compile, native=false, column=10, file=module.js, function=Object.Module._extensions..js, line=474, method=Module._extensions..js, native=false, column=32, file=module.js, function=Module.load, line=356, method=load, native=false, column=12, file=module.js, function=Function.Module._load, line=312, method=Module._load, native=false, column=17, file=module.js, function=Module.require, line=364, method=require, native=false], stack=[Error: Cannot find module './api/util/wrapper.js',     at Function.Module._resolveFilename (module.js:338:15),     at Function.Module._load (module.js:280:25),     at Module.require (module.js:364:17),     at require (module.js:380:17),     at Object.<anonymous> (C:\Development\Programs\Repositories\tendo.io\app\lib\node-sauce\lib\sauce.js:7:18),     at Module._compile (module.js:456:26),     at Object.Module._extensions..js (module.js:474:10),     at Module.load (module.js:356:32),     at Function.Module._load (module.js:312:12),     at Module.require (module.js:364:17)]
2013-11-09T21:34:42.640Z - error: uncaughtException: Cannot find module './api/util/wrapper.js' date=Sat Nov 09 2013 16:34:42 GMT-0500 (Eastern Standard Time), pid=8140, uid=null, gid=null, cwd=C:\Development\Programs\Repositories\tendo.io, execPath=C:\Program Files\nodejs\node.exe, version=v0.10.18, argv=[node, C:\Development\Programs\Repositories\tendo.io\server.js], rss=39964672, heapTotal=30119424, heapUsed=10068184, loadavg=[0, 0, 0], uptime=111240.1335797, trace=[column=15, file=module.js, function=Function.Module._resolveFilename, line=338, method=Module._resolveFilename, native=false, column=25, file=module.js, function=Function.Module._load, line=280, method=Module._load, native=false, column=17, file=module.js, function=Module.require, line=364, method=require, native=false, column=17, file=module.js, function=require, line=380, method=null, native=false, column=18, file=C:\Development\Programs\Repositories\tendo.io\app\lib\node-sauce\lib\sauce.js, function=, line=7, method=null, native=false, column=26, file=module.js, function=Module._compile, line=456, method=_compile, native=false, column=10, file=module.js, function=Object.Module._extensions..js, line=474, method=Module._extensions..js, native=false, column=32, file=module.js, function=Module.load, line=356, method=load, native=false, column=12, file=module.js, function=Function.Module._load, line=312, method=Module._load, native=false, column=17, file=module.js, function=Module.require, line=364, method=require, native=false], stack=[Error: Cannot find module './api/util/wrapper.js',     at Function.Module._resolveFilename (module.js:338:15),     at Function.Module._load (module.js:280:25),     at Module.require (module.js:364:17),     at require (module.js:380:17),     at Object.<anonymous> (C:\Development\Programs\Repositories\tendo.io\app\lib\node-sauce\lib\sauce.js:7:18),     at Module._compile (module.js:456:26),     at Object.Module._extensions..js (module.js:474:10),     at Module.load (module.js:356:32),     at Function.Module._load (module.js:312:12),     at Module.require (module.js:364:17)]
2013-11-09T21:35:00.677Z - error: uncaughtException: Cannot find module './api/util/wrapper.js' date=Sat Nov 09 2013 16:35:00 GMT-0500 (Eastern Standard Time), pid=9416, uid=null, gid=null, cwd=C:\Development\Programs\Repositories\tendo.io, execPath=C:\Program Files\nodejs\node.exe, version=v0.10.18, argv=[node, C:\Development\Programs\Repositories\tendo.io\server.js], rss=39944192, heapTotal=30119424, heapUsed=10069048, loadavg=[0, 0, 0], uptime=111258.170904, trace=[column=15, file=module.js, function=Function.Module._resolveFilename, line=338, method=Module._resolveFilename, native=false, column=25, file=module.js, function=Function.Module._load, line=280, method=Module._load, native=false, column=17, file=module.js, function=Module.require, line=364, method=require, native=false, column=17, file=module.js, function=require, line=380, method=null, native=false, column=18, file=C:\Development\Programs\Repositories\tendo.io\app\lib\node-sauce\lib\sauce.js, function=, line=7, method=null, native=false, column=26, file=module.js, function=Module._compile, line=456, method=_compile, native=false, column=10, file=module.js, function=Object.Module._extensions..js, line=474, method=Module._extensions..js, native=false, column=32, file=module.js, function=Module.load, line=356, method=load, native=false, column=12, file=module.js, function=Function.Module._load, line=312, method=Module._load, native=false, column=17, file=module.js, function=Module.require, line=364, method=require, native=false], stack=[Error: Cannot find module './api/util/wrapper.js',     at Function.Module._resolveFilename (module.js:338:15),     at Function.Module._load (module.js:280:25),     at Module.require (module.js:364:17),     at require (module.js:380:17),     at Object.<anonymous> (C:\Development\Programs\Repositories\tendo.io\app\lib\node-sauce\lib\sauce.js:7:18),     at Module._compile (module.js:456:26),     at Object.Module._extensions..js (module.js:474:10),     at Module.load (module.js:356:32),     at Function.Module._load (module.js:312:12),     at Module.require (module.js:364:17)]
2013-11-09T21:46:02.285Z - error: uncaughtException: Cannot find module './api/util/wrapper.js' date=Sat Nov 09 2013 16:46:02 GMT-0500 (Eastern Standard Time), pid=3644, uid=null, gid=null, cwd=C:\Development\Programs\Repositories\tendo.io, execPath=C:\Program Files\nodejs\node.exe, version=v0.10.18, argv=[node, C:\Development\Programs\Repositories\tendo.io\server.js], rss=40022016, heapTotal=30119424, heapUsed=10119312, loadavg=[0, 0, 0], uptime=111919.7797168, trace=[column=15, file=module.js, function=Function.Module._resolveFilename, line=338, method=Module._resolveFilename, native=false, column=25, file=module.js, function=Function.Module._load, line=280, method=Module._load, native=false, column=17, file=module.js, function=Module.require, line=364, method=require, native=false, column=17, file=module.js, function=require, line=380, method=null, native=false, column=18, file=C:\Development\Programs\Repositories\tendo.io\app\lib\node-sauce\lib\sauce.js, function=, line=7, method=null, native=false, column=26, file=module.js, function=Module._compile, line=456, method=_compile, native=false, column=10, file=module.js, function=Object.Module._extensions..js, line=474, method=Module._extensions..js, native=false, column=32, file=module.js, function=Module.load, line=356, method=load, native=false, column=12, file=module.js, function=Function.Module._load, line=312, method=Module._load, native=false, column=17, file=module.js, function=Module.require, line=364, method=require, native=false], stack=[Error: Cannot find module './api/util/wrapper.js',     at Function.Module._resolveFilename (module.js:338:15),     at Function.Module._load (module.js:280:25),     at Module.require (module.js:364:17),     at require (module.js:380:17),     at Object.<anonymous> (C:\Development\Programs\Repositories\tendo.io\app\lib\node-sauce\lib\sauce.js:7:18),     at Module._compile (module.js:456:26),     at Object.Module._extensions..js (module.js:474:10),     at Module.load (module.js:356:32),     at Function.Module._load (module.js:312:12),     at Module.require (module.js:364:17)]
2013-11-09T21:46:13.022Z - error: uncaughtException: Cannot find module './api/util/wrapper.js' date=Sat Nov 09 2013 16:46:13 GMT-0500 (Eastern Standard Time), pid=4564, uid=null, gid=null, cwd=C:\Development\Programs\Repositories\tendo.io, execPath=C:\Program Files\nodejs\node.exe, version=v0.10.18, argv=[node, C:\Development\Programs\Repositories\tendo.io\server.js], rss=40046592, heapTotal=30119424, heapUsed=10119320, loadavg=[0, 0, 0], uptime=111930.5166691, trace=[column=15, file=module.js, function=Function.Module._resolveFilename, line=338, method=Module._resolveFilename, native=false, column=25, file=module.js, function=Function.Module._load, line=280, method=Module._load, native=false, column=17, file=module.js, function=Module.require, line=364, method=require, native=false, column=17, file=module.js, function=require, line=380, method=null, native=false, column=18, file=C:\Development\Programs\Repositories\tendo.io\app\lib\node-sauce\lib\sauce.js, function=, line=7, method=null, native=false, column=26, file=module.js, function=Module._compile, line=456, method=_compile, native=false, column=10, file=module.js, function=Object.Module._extensions..js, line=474, method=Module._extensions..js, native=false, column=32, file=module.js, function=Module.load, line=356, method=load, native=false, column=12, file=module.js, function=Function.Module._load, line=312, method=Module._load, native=false, column=17, file=module.js, function=Module.require, line=364, method=require, native=false], stack=[Error: Cannot find module './api/util/wrapper.js',     at Function.Module._resolveFilename (module.js:338:15),     at Function.Module._load (module.js:280:25),     at Module.require (module.js:364:17),     at require (module.js:380:17),     at Object.<anonymous> (C:\Development\Programs\Repositories\tendo.io\app\lib\node-sauce\lib\sauce.js:7:18),     at Module._compile (module.js:456:26),     at Object.Module._extensions..js (module.js:474:10),     at Module.load (module.js:356:32),     at Function.Module._load (module.js:312:12),     at Module.require (module.js:364:17)]
2013-11-09T21:46:55.437Z - error: uncaughtException: Cannot find module './api/util/wrapper.js' date=Sat Nov 09 2013 16:46:55 GMT-0500 (Eastern Standard Time), pid=4956, uid=null, gid=null, cwd=C:\Development\Programs\Repositories\tendo.io, execPath=C:\Program Files\nodejs\node.exe, version=v0.10.18, argv=[node, C:\Development\Programs\Repositories\tendo.io\server.js], rss=40005632, heapTotal=30119424, heapUsed=10117592, loadavg=[0, 0, 0], uptime=111972.9301887, trace=[column=15, file=module.js, function=Function.Module._resolveFilename, line=338, method=Module._resolveFilename, native=false, column=25, file=module.js, function=Function.Module._load, line=280, method=Module._load, native=false, column=17, file=module.js, function=Module.require, line=364, method=require, native=false, column=17, file=module.js, function=require, line=380, method=null, native=false, column=18, file=C:\Development\Programs\Repositories\tendo.io\app\lib\node-sauce\lib\sauce.js, function=, line=7, method=null, native=false, column=26, file=module.js, function=Module._compile, line=456, method=_compile, native=false, column=10, file=module.js, function=Object.Module._extensions..js, line=474, method=Module._extensions..js, native=false, column=32, file=module.js, function=Module.load, line=356, method=load, native=false, column=12, file=module.js, function=Function.Module._load, line=312, method=Module._load, native=false, column=17, file=module.js, function=Module.require, line=364, method=require, native=false], stack=[Error: Cannot find module './api/util/wrapper.js',     at Function.Module._resolveFilename (module.js:338:15),     at Function.Module._load (module.js:280:25),     at Module.require (module.js:364:17),     at require (module.js:380:17),     at Object.<anonymous> (C:\Development\Programs\Repositories\tendo.io\app\lib\node-sauce\lib\sauce.js:7:18),     at Module._compile (module.js:456:26),     at Object.Module._extensions..js (module.js:474:10),     at Module.load (module.js:356:32),     at Function.Module._load (module.js:312:12),     at Module.require (module.js:364:17)]
2013-11-09T21:48:41.938Z - error: uncaughtException: Cannot find module './api/util/wrapper.js' date=Sat Nov 09 2013 16:48:41 GMT-0500 (Eastern Standard Time), pid=3768, uid=null, gid=null, cwd=C:\Development\Programs\Repositories\tendo.io, execPath=C:\Program Files\nodejs\node.exe, version=v0.10.18, argv=[node, C:\Development\Programs\Repositories\tendo.io\server.js], rss=39993344, heapTotal=30119424, heapUsed=10117592, loadavg=[0, 0, 0], uptime=112079.4321695, trace=[column=15, file=module.js, function=Function.Module._resolveFilename, line=338, method=Module._resolveFilename, native=false, column=25, file=module.js, function=Function.Module._load, line=280, method=Module._load, native=false, column=17, file=module.js, function=Module.require, line=364, method=require, native=false, column=17, file=module.js, function=require, line=380, method=null, native=false, column=18, file=C:\Development\Programs\Repositories\tendo.io\app\lib\node-sauce\lib\sauce.js, function=, line=7, method=null, native=false, column=26, file=module.js, function=Module._compile, line=456, method=_compile, native=false, column=10, file=module.js, function=Object.Module._extensions..js, line=474, method=Module._extensions..js, native=false, column=32, file=module.js, function=Module.load, line=356, method=load, native=false, column=12, file=module.js, function=Function.Module._load, line=312, method=Module._load, native=false, column=17, file=module.js, function=Module.require, line=364, method=require, native=false], stack=[Error: Cannot find module './api/util/wrapper.js',     at Function.Module._resolveFilename (module.js:338:15),     at Function.Module._load (module.js:280:25),     at Module.require (module.js:364:17),     at require (module.js:380:17),     at Object.<anonymous> (C:\Development\Programs\Repositories\tendo.io\app\lib\node-sauce\lib\sauce.js:7:18),     at Module._compile (module.js:456:26),     at Object.Module._extensions..js (module.js:474:10),     at Module.load (module.js:356:32),     at Function.Module._load (module.js:312:12),     at Module.require (module.js:364:17)]
2013-11-09T21:50:24.625Z - error: uncaughtException: Cannot find module './api/util/wrapper.js' date=Sat Nov 09 2013 16:50:24 GMT-0500 (Eastern Standard Time), pid=9480, uid=null, gid=null, cwd=C:\Development\Programs\Repositories\tendo.io, execPath=C:\Program Files\nodejs\node.exe, version=v0.10.18, argv=[node, C:\Development\Programs\Repositories\tendo.io\server.js], rss=40038400, heapTotal=30119424, heapUsed=10117592, loadavg=[0, 0, 0], uptime=112182.1182985, trace=[column=15, file=module.js, function=Function.Module._resolveFilename, line=338, method=Module._resolveFilename, native=false, column=25, file=module.js, function=Function.Module._load, line=280, method=Module._load, native=false, column=17, file=module.js, function=Module.require, line=364, method=require, native=false, column=17, file=module.js, function=require, line=380, method=null, native=false, column=18, file=C:\Development\Programs\Repositories\tendo.io\app\lib\node-sauce\lib\sauce.js, function=, line=7, method=null, native=false, column=26, file=module.js, function=Module._compile, line=456, method=_compile, native=false, column=10, file=module.js, function=Object.Module._extensions..js, line=474, method=Module._extensions..js, native=false, column=32, file=module.js, function=Module.load, line=356, method=load, native=false, column=12, file=module.js, function=Function.Module._load, line=312, method=Module._load, native=false, column=17, file=module.js, function=Module.require, line=364, method=require, native=false], stack=[Error: Cannot find module './api/util/wrapper.js',     at Function.Module._resolveFilename (module.js:338:15),     at Function.Module._load (module.js:280:25),     at Module.require (module.js:364:17),     at require (module.js:380:17),     at Object.<anonymous> (C:\Development\Programs\Repositories\tendo.io\app\lib\node-sauce\lib\sauce.js:7:18),     at Module._compile (module.js:456:26),     at Object.Module._extensions..js (module.js:474:10),     at Module.load (module.js:356:32),     at Function.Module._load (module.js:312:12),     at Module.require (module.js:364:17)]
2013-11-09T22:00:51.698Z - error: uncaughtException: Cannot find module './api/util/wrapper.js' date=Sat Nov 09 2013 17:00:51 GMT-0500 (Eastern Standard Time), pid=6416, uid=null, gid=null, cwd=C:\Development\Programs\Repositories\tendo.io, execPath=C:\Program Files\nodejs\node.exe, version=v0.10.18, argv=[node, C:\Development\Programs\Repositories\tendo.io\server.js], rss=39985152, heapTotal=30119424, heapUsed=10117592, loadavg=[0, 0, 0], uptime=112809.1925572, trace=[column=15, file=module.js, function=Function.Module._resolveFilename, line=338, method=Module._resolveFilename, native=false, column=25, file=module.js, function=Function.Module._load, line=280, method=Module._load, native=false, column=17, file=module.js, function=Module.require, line=364, method=require, native=false, column=17, file=module.js, function=require, line=380, method=null, native=false, column=18, file=C:\Development\Programs\Repositories\tendo.io\app\lib\node-sauce\lib\sauce.js, function=, line=7, method=null, native=false, column=26, file=module.js, function=Module._compile, line=456, method=_compile, native=false, column=10, file=module.js, function=Object.Module._extensions..js, line=474, method=Module._extensions..js, native=false, column=32, file=module.js, function=Module.load, line=356, method=load, native=false, column=12, file=module.js, function=Function.Module._load, line=312, method=Module._load, native=false, column=17, file=module.js, function=Module.require, line=364, method=require, native=false], stack=[Error: Cannot find module './api/util/wrapper.js',     at Function.Module._resolveFilename (module.js:338:15),     at Function.Module._load (module.js:280:25),     at Module.require (module.js:364:17),     at require (module.js:380:17),     at Object.<anonymous> (C:\Development\Programs\Repositories\tendo.io\app\lib\node-sauce\lib\sauce.js:7:18),     at Module._compile (module.js:456:26),     at Object.Module._extensions..js (module.js:474:10),     at Module.load (module.js:356:32),     at Function.Module._load (module.js:312:12),     at Module.require (module.js:364:17)]
2013-11-09T22:06:21.328Z - error: uncaughtException: Cannot find module './api/util/wrapper.js' date=Sat Nov 09 2013 17:06:21 GMT-0500 (Eastern Standard Time), pid=5736, uid=null, gid=null, cwd=C:\Development\Programs\Repositories\tendo.io, execPath=C:\Program Files\nodejs\node.exe, version=v0.10.18, argv=[node, C:\Development\Programs\Repositories\tendo.io\server.js], rss=40009728, heapTotal=30119424, heapUsed=10117592, loadavg=[0, 0, 0], uptime=113138.8218336, trace=[column=15, file=module.js, function=Function.Module._resolveFilename, line=338, method=Module._resolveFilename, native=false, column=25, file=module.js, function=Function.Module._load, line=280, method=Module._load, native=false, column=17, file=module.js, function=Module.require, line=364, method=require, native=false, column=17, file=module.js, function=require, line=380, method=null, native=false, column=18, file=C:\Development\Programs\Repositories\tendo.io\app\lib\node-sauce\lib\sauce.js, function=, line=7, method=null, native=false, column=26, file=module.js, function=Module._compile, line=456, method=_compile, native=false, column=10, file=module.js, function=Object.Module._extensions..js, line=474, method=Module._extensions..js, native=false, column=32, file=module.js, function=Module.load, line=356, method=load, native=false, column=12, file=module.js, function=Function.Module._load, line=312, method=Module._load, native=false, column=17, file=module.js, function=Module.require, line=364, method=require, native=false], stack=[Error: Cannot find module './api/util/wrapper.js',     at Function.Module._resolveFilename (module.js:338:15),     at Function.Module._load (module.js:280:25),     at Module.require (module.js:364:17),     at require (module.js:380:17),     at Object.<anonymous> (C:\Development\Programs\Repositories\tendo.io\app\lib\node-sauce\lib\sauce.js:7:18),     at Module._compile (module.js:456:26),     at Object.Module._extensions..js (module.js:474:10),     at Module.load (module.js:356:32),     at Function.Module._load (module.js:312:12),     at Module.require (module.js:364:17)]
2013-11-09T22:07:27.686Z - error: uncaughtException: Cannot find module './api/util/wrapper.js' date=Sat Nov 09 2013 17:07:27 GMT-0500 (Eastern Standard Time), pid=5528, uid=null, gid=null, cwd=C:\Development\Programs\Repositories\tendo.io, execPath=C:\Program Files\nodejs\node.exe, version=v0.10.18, argv=[node, C:\Development\Programs\Repositories\tendo.io\server.js], rss=40034304, heapTotal=30119424, heapUsed=10117592, loadavg=[0, 0, 0], uptime=113205.1803426, trace=[column=15, file=module.js, function=Function.Module._resolveFilename, line=338, method=Module._resolveFilename, native=false, column=25, file=module.js, function=Function.Module._load, line=280, method=Module._load, native=false, column=17, file=module.js, function=Module.require, line=364, method=require, native=false, column=17, file=module.js, function=require, line=380, method=null, native=false, column=18, file=C:\Development\Programs\Repositories\tendo.io\app\lib\node-sauce\lib\sauce.js, function=, line=7, method=null, native=false, column=26, file=module.js, function=Module._compile, line=456, method=_compile, native=false, column=10, file=module.js, function=Object.Module._extensions..js, line=474, method=Module._extensions..js, native=false, column=32, file=module.js, function=Module.load, line=356, method=load, native=false, column=12, file=module.js, function=Function.Module._load, line=312, method=Module._load, native=false, column=17, file=module.js, function=Module.require, line=364, method=require, native=false], stack=[Error: Cannot find module './api/util/wrapper.js',     at Function.Module._resolveFilename (module.js:338:15),     at Function.Module._load (module.js:280:25),     at Module.require (module.js:364:17),     at require (module.js:380:17),     at Object.<anonymous> (C:\Development\Programs\Repositories\tendo.io\app\lib\node-sauce\lib\sauce.js:7:18),     at Module._compile (module.js:456:26),     at Object.Module._extensions..js (module.js:474:10),     at Module.load (module.js:356:32),     at Function.Module._load (module.js:312:12),     at Module.require (module.js:364:17)]
2013-11-09T22:07:34.384Z - error: uncaughtException: Cannot find module './api/util/wrapper.js' date=Sat Nov 09 2013 17:07:34 GMT-0500 (Eastern Standard Time), pid=3656, uid=null, gid=null, cwd=C:\Development\Programs\Repositories\tendo.io, execPath=C:\Program Files\nodejs\node.exe, version=v0.10.18, argv=[node, C:\Development\Programs\Repositories\tendo.io\server.js], rss=40030208, heapTotal=30119424, heapUsed=10117592, loadavg=[0, 0, 0], uptime=113211.8768094, trace=[column=15, file=module.js, function=Function.Module._resolveFilename, line=338, method=Module._resolveFilename, native=false, column=25, file=module.js, function=Function.Module._load, line=280, method=Module._load, native=false, column=17, file=module.js, function=Module.require, line=364, method=require, native=false, column=17, file=module.js, function=require, line=380, method=null, native=false, column=18, file=C:\Development\Programs\Repositories\tendo.io\app\lib\node-sauce\lib\sauce.js, function=, line=7, method=null, native=false, column=26, file=module.js, function=Module._compile, line=456, method=_compile, native=false, column=10, file=module.js, function=Object.Module._extensions..js, line=474, method=Module._extensions..js, native=false, column=32, file=module.js, function=Module.load, line=356, method=load, native=false, column=12, file=module.js, function=Function.Module._load, line=312, method=Module._load, native=false, column=17, file=module.js, function=Module.require, line=364, method=require, native=false], stack=[Error: Cannot find module './api/util/wrapper.js',     at Function.Module._resolveFilename (module.js:338:15),     at Function.Module._load (module.js:280:25),     at Module.require (module.js:364:17),     at require (module.js:380:17),     at Object.<anonymous> (C:\Development\Programs\Repositories\tendo.io\app\lib\node-sauce\lib\sauce.js:7:18),     at Module._compile (module.js:456:26),     at Object.Module._extensions..js (module.js:474:10),     at Module.load (module.js:356:32),     at Function.Module._load (module.js:312:12),     at Module.require (module.js:364:17)]
2013-11-09T22:08:38.851Z - error: uncaughtException: Cannot find module './api/util/wrapper.js' date=Sat Nov 09 2013 17:08:38 GMT-0500 (Eastern Standard Time), pid=9848, uid=null, gid=null, cwd=C:\Development\Programs\Repositories\tendo.io, execPath=C:\Program Files\nodejs\node.exe, version=v0.10.18, argv=[node, C:\Development\Programs\Repositories\tendo.io\server.js], rss=39997440, heapTotal=30119424, heapUsed=10117592, loadavg=[0, 0, 0], uptime=113276.3453383, trace=[column=15, file=module.js, function=Function.Module._resolveFilename, line=338, method=Module._resolveFilename, native=false, column=25, file=module.js, function=Function.Module._load, line=280, method=Module._load, native=false, column=17, file=module.js, function=Module.require, line=364, method=require, native=false, column=17, file=module.js, function=require, line=380, method=null, native=false, column=18, file=C:\Development\Programs\Repositories\tendo.io\app\lib\node-sauce\lib\sauce.js, function=, line=7, method=null, native=false, column=26, file=module.js, function=Module._compile, line=456, method=_compile, native=false, column=10, file=module.js, function=Object.Module._extensions..js, line=474, method=Module._extensions..js, native=false, column=32, file=module.js, function=Module.load, line=356, method=load, native=false, column=12, file=module.js, function=Function.Module._load, line=312, method=Module._load, native=false, column=17, file=module.js, function=Module.require, line=364, method=require, native=false], stack=[Error: Cannot find module './api/util/wrapper.js',     at Function.Module._resolveFilename (module.js:338:15),     at Function.Module._load (module.js:280:25),     at Module.require (module.js:364:17),     at require (module.js:380:17),     at Object.<anonymous> (C:\Development\Programs\Repositories\tendo.io\app\lib\node-sauce\lib\sauce.js:7:18),     at Module._compile (module.js:456:26),     at Object.Module._extensions..js (module.js:474:10),     at Module.load (module.js:356:32),     at Function.Module._load (module.js:312:12),     at Module.require (module.js:364:17)]
2013-11-09T22:09:01.172Z - error: uncaughtException: Cannot find module './api/util/wrapper.js' date=Sat Nov 09 2013 17:09:01 GMT-0500 (Eastern Standard Time), pid=2368, uid=null, gid=null, cwd=C:\Development\Programs\Repositories\tendo.io, execPath=C:\Program Files\nodejs\node.exe, version=v0.10.18, argv=[node, C:\Development\Programs\Repositories\tendo.io\server.js], rss=40034304, heapTotal=30119424, heapUsed=10117592, loadavg=[0, 0, 0], uptime=113298.6664733, trace=[column=15, file=module.js, function=Function.Module._resolveFilename, line=338, method=Module._resolveFilename, native=false, column=25, file=module.js, function=Function.Module._load, line=280, method=Module._load, native=false, column=17, file=module.js, function=Module.require, line=364, method=require, native=false, column=17, file=module.js, function=require, line=380, method=null, native=false, column=18, file=C:\Development\Programs\Repositories\tendo.io\app\lib\node-sauce\lib\sauce.js, function=, line=7, method=null, native=false, column=26, file=module.js, function=Module._compile, line=456, method=_compile, native=false, column=10, file=module.js, function=Object.Module._extensions..js, line=474, method=Module._extensions..js, native=false, column=32, file=module.js, function=Module.load, line=356, method=load, native=false, column=12, file=module.js, function=Function.Module._load, line=312, method=Module._load, native=false, column=17, file=module.js, function=Module.require, line=364, method=require, native=false], stack=[Error: Cannot find module './api/util/wrapper.js',     at Function.Module._resolveFilename (module.js:338:15),     at Function.Module._load (module.js:280:25),     at Module.require (module.js:364:17),     at require (module.js:380:17),     at Object.<anonymous> (C:\Development\Programs\Repositories\tendo.io\app\lib\node-sauce\lib\sauce.js:7:18),     at Module._compile (module.js:456:26),     at Object.Module._extensions..js (module.js:474:10),     at Module.load (module.js:356:32),     at Function.Module._load (module.js:312:12),     at Module.require (module.js:364:17)]
2013-11-09T22:13:00.965Z - error: uncaughtException: Cannot find module './api/util/wrapper.js' date=Sat Nov 09 2013 17:13:00 GMT-0500 (Eastern Standard Time), pid=9632, uid=null, gid=null, cwd=C:\Development\Programs\Repositories\tendo.io, execPath=C:\Program Files\nodejs\node.exe, version=v0.10.18, argv=[node, C:\Development\Programs\Repositories\tendo.io\server.js], rss=40034304, heapTotal=30119424, heapUsed=10117592, loadavg=[0, 0, 0], uptime=113538.4577838, trace=[column=15, file=module.js, function=Function.Module._resolveFilename, line=338, method=Module._resolveFilename, native=false, column=25, file=module.js, function=Function.Module._load, line=280, method=Module._load, native=false, column=17, file=module.js, function=Module.require, line=364, method=require, native=false, column=17, file=module.js, function=require, line=380, method=null, native=false, column=18, file=C:\Development\Programs\Repositories\tendo.io\app\lib\node-sauce\lib\sauce.js, function=, line=7, method=null, native=false, column=26, file=module.js, function=Module._compile, line=456, method=_compile, native=false, column=10, file=module.js, function=Object.Module._extensions..js, line=474, method=Module._extensions..js, native=false, column=32, file=module.js, function=Module.load, line=356, method=load, native=false, column=12, file=module.js, function=Function.Module._load, line=312, method=Module._load, native=false, column=17, file=module.js, function=Module.require, line=364, method=require, native=false], stack=[Error: Cannot find module './api/util/wrapper.js',     at Function.Module._resolveFilename (module.js:338:15),     at Function.Module._load (module.js:280:25),     at Module.require (module.js:364:17),     at require (module.js:380:17),     at Object.<anonymous> (C:\Development\Programs\Repositories\tendo.io\app\lib\node-sauce\lib\sauce.js:7:18),     at Module._compile (module.js:456:26),     at Object.Module._extensions..js (module.js:474:10),     at Module.load (module.js:356:32),     at Function.Module._load (module.js:312:12),     at Module.require (module.js:364:17)]
2013-11-09T22:16:35.651Z - error: uncaughtException: Cannot find module './api/util/wrapper.js' date=Sat Nov 09 2013 17:16:35 GMT-0500 (Eastern Standard Time), pid=5996, uid=null, gid=null, cwd=C:\Development\Programs\Repositories\tendo.io, execPath=C:\Program Files\nodejs\node.exe, version=v0.10.18, argv=[C:\Program Files\nodejs\node.exe, C:\Development\Programs\Repositories\tendo.io\server.js], rss=39989248, heapTotal=30119424, heapUsed=10115160, loadavg=[0, 0, 0], uptime=113753.1454769, trace=[column=15, file=module.js, function=Function.Module._resolveFilename, line=338, method=Module._resolveFilename, native=false, column=25, file=module.js, function=Function.Module._load, line=280, method=Module._load, native=false, column=17, file=module.js, function=Module.require, line=364, method=require, native=false, column=17, file=module.js, function=require, line=380, method=null, native=false, column=18, file=C:\Development\Programs\Repositories\tendo.io\app\lib\node-sauce\lib\sauce.js, function=, line=7, method=null, native=false, column=26, file=module.js, function=Module._compile, line=456, method=_compile, native=false, column=10, file=module.js, function=Object.Module._extensions..js, line=474, method=Module._extensions..js, native=false, column=32, file=module.js, function=Module.load, line=356, method=load, native=false, column=12, file=module.js, function=Function.Module._load, line=312, method=Module._load, native=false, column=17, file=module.js, function=Module.require, line=364, method=require, native=false], stack=[Error: Cannot find module './api/util/wrapper.js',     at Function.Module._resolveFilename (module.js:338:15),     at Function.Module._load (module.js:280:25),     at Module.require (module.js:364:17),     at require (module.js:380:17),     at Object.<anonymous> (C:\Development\Programs\Repositories\tendo.io\app\lib\node-sauce\lib\sauce.js:7:18),     at Module._compile (module.js:456:26),     at Object.Module._extensions..js (module.js:474:10),     at Module.load (module.js:356:32),     at Function.Module._load (module.js:312:12),     at Module.require (module.js:364:17)]
2013-11-09T22:18:14.981Z - error: uncaughtException: Cannot find module './api/util/wrapper.js' date=Sat Nov 09 2013 17:18:14 GMT-0500 (Eastern Standard Time), pid=4480, uid=null, gid=null, cwd=C:\Development\Programs\Repositories\tendo.io, execPath=C:\Program Files\nodejs\node.exe, version=v0.10.18, argv=[C:\Program Files\nodejs\node.exe, C:\Development\Programs\Repositories\tendo.io\server.js], rss=39968768, heapTotal=30119424, heapUsed=10115160, loadavg=[0, 0, 0], uptime=113852.475342, trace=[column=15, file=module.js, function=Function.Module._resolveFilename, line=338, method=Module._resolveFilename, native=false, column=25, file=module.js, function=Function.Module._load, line=280, method=Module._load, native=false, column=17, file=module.js, function=Module.require, line=364, method=require, native=false, column=17, file=module.js, function=require, line=380, method=null, native=false, column=18, file=C:\Development\Programs\Repositories\tendo.io\app\lib\node-sauce\lib\sauce.js, function=, line=7, method=null, native=false, column=26, file=module.js, function=Module._compile, line=456, method=_compile, native=false, column=10, file=module.js, function=Object.Module._extensions..js, line=474, method=Module._extensions..js, native=false, column=32, file=module.js, function=Module.load, line=356, method=load, native=false, column=12, file=module.js, function=Function.Module._load, line=312, method=Module._load, native=false, column=17, file=module.js, function=Module.require, line=364, method=require, native=false], stack=[Error: Cannot find module './api/util/wrapper.js',     at Function.Module._resolveFilename (module.js:338:15),     at Function.Module._load (module.js:280:25),     at Module.require (module.js:364:17),     at require (module.js:380:17),     at Object.<anonymous> (C:\Development\Programs\Repositories\tendo.io\app\lib\node-sauce\lib\sauce.js:7:18),     at Module._compile (module.js:456:26),     at Object.Module._extensions..js (module.js:474:10),     at Module.load (module.js:356:32),     at Function.Module._load (module.js:312:12),     at Module.require (module.js:364:17)]
2013-11-09T22:55:30.165Z - error: uncaughtException: Cannot find module './app/lib/node-sauce/lib.js' date=Sat Nov 09 2013 17:55:30 GMT-0500 (Eastern Standard Time), pid=7820, uid=null, gid=null, cwd=C:\Development\Programs\Repositories\tendo.io, execPath=C:\Program Files\nodejs\node.exe, version=v0.10.18, argv=[C:\Program Files\nodejs\node.exe, C:\Development\Programs\Repositories\tendo.io\server.js], rss=38596608, heapTotal=29087488, heapUsed=17076064, loadavg=[0, 0, 0], uptime=116087.6573733, trace=[column=15, file=module.js, function=Function.Module._resolveFilename, line=338, method=Module._resolveFilename, native=false, column=25, file=module.js, function=Function.Module._load, line=280, method=Module._load, native=false, column=17, file=module.js, function=Module.require, line=364, method=require, native=false, column=17, file=module.js, function=require, line=380, method=null, native=false, column=13, file=C:\Development\Programs\Repositories\tendo.io\server.js, function=, line=21, method=null, native=false, column=26, file=module.js, function=Module._compile, line=456, method=_compile, native=false, column=10, file=module.js, function=Object.Module._extensions..js, line=474, method=Module._extensions..js, native=false, column=32, file=module.js, function=Module.load, line=356, method=load, native=false, column=12, file=module.js, function=Function.Module._load, line=312, method=Module._load, native=false, column=10, file=module.js, function=Function.Module.runMain, line=497, method=Module.runMain, native=false], stack=[Error: Cannot find module './app/lib/node-sauce/lib.js',     at Function.Module._resolveFilename (module.js:338:15),     at Function.Module._load (module.js:280:25),     at Module.require (module.js:364:17),     at require (module.js:380:17),     at Object.<anonymous> (C:\Development\Programs\Repositories\tendo.io\server.js:21:13),     at Module._compile (module.js:456:26),     at Object.Module._extensions..js (module.js:474:10),     at Module.load (module.js:356:32),     at Function.Module._load (module.js:312:12),     at Function.Module.runMain (module.js:497:10)]
2013-11-09T22:56:32.509Z - error: uncaughtException: Cannot find module './app/lib/node-sauce/lib.js' date=Sat Nov 09 2013 17:56:32 GMT-0500 (Eastern Standard Time), pid=3884, uid=null, gid=null, cwd=C:\Development\Programs\Repositories\tendo.io, execPath=C:\Program Files\nodejs\node.exe, version=v0.10.18, argv=[C:\Program Files\nodejs\node.exe, C:\Development\Programs\Repositories\tendo.io\server.js], rss=38633472, heapTotal=29087488, heapUsed=17076064, loadavg=[0, 0, 0], uptime=116150.0016427, trace=[column=15, file=module.js, function=Function.Module._resolveFilename, line=338, method=Module._resolveFilename, native=false, column=25, file=module.js, function=Function.Module._load, line=280, method=Module._load, native=false, column=17, file=module.js, function=Module.require, line=364, method=require, native=false, column=17, file=module.js, function=require, line=380, method=null, native=false, column=13, file=C:\Development\Programs\Repositories\tendo.io\server.js, function=, line=21, method=null, native=false, column=26, file=module.js, function=Module._compile, line=456, method=_compile, native=false, column=10, file=module.js, function=Object.Module._extensions..js, line=474, method=Module._extensions..js, native=false, column=32, file=module.js, function=Module.load, line=356, method=load, native=false, column=12, file=module.js, function=Function.Module._load, line=312, method=Module._load, native=false, column=10, file=module.js, function=Function.Module.runMain, line=497, method=Module.runMain, native=false], stack=[Error: Cannot find module './app/lib/node-sauce/lib.js',     at Function.Module._resolveFilename (module.js:338:15),     at Function.Module._load (module.js:280:25),     at Module.require (module.js:364:17),     at require (module.js:380:17),     at Object.<anonymous> (C:\Development\Programs\Repositories\tendo.io\server.js:21:13),     at Module._compile (module.js:456:26),     at Object.Module._extensions..js (module.js:474:10),     at Module.load (module.js:356:32),     at Function.Module._load (module.js:312:12),     at Function.Module.runMain (module.js:497:10)]
2013-11-09T22:57:57.624Z - error: uncaughtException: Cannot find module './app/lib/node-sauce/lib.js' date=Sat Nov 09 2013 17:57:57 GMT-0500 (Eastern Standard Time), pid=3776, uid=null, gid=null, cwd=C:\Development\Programs\Repositories\tendo.io, execPath=C:\Program Files\nodejs\node.exe, version=v0.10.18, argv=[C:\Program Files\nodejs\node.exe, C:\Development\Programs\Repositories\tendo.io\server.js], rss=38596608, heapTotal=29087488, heapUsed=17076032, loadavg=[0, 0, 0], uptime=116235.1172823, trace=[column=15, file=module.js, function=Function.Module._resolveFilename, line=338, method=Module._resolveFilename, native=false, column=25, file=module.js, function=Function.Module._load, line=280, method=Module._load, native=false, column=17, file=module.js, function=Module.require, line=364, method=require, native=false, column=17, file=module.js, function=require, line=380, method=null, native=false, column=13, file=C:\Development\Programs\Repositories\tendo.io\server.js, function=, line=21, method=null, native=false, column=26, file=module.js, function=Module._compile, line=456, method=_compile, native=false, column=10, file=module.js, function=Object.Module._extensions..js, line=474, method=Module._extensions..js, native=false, column=32, file=module.js, function=Module.load, line=356, method=load, native=false, column=12, file=module.js, function=Function.Module._load, line=312, method=Module._load, native=false, column=10, file=module.js, function=Function.Module.runMain, line=497, method=Module.runMain, native=false], stack=[Error: Cannot find module './app/lib/node-sauce/lib.js',     at Function.Module._resolveFilename (module.js:338:15),     at Function.Module._load (module.js:280:25),     at Module.require (module.js:364:17),     at require (module.js:380:17),     at Object.<anonymous> (C:\Development\Programs\Repositories\tendo.io\server.js:21:13),     at Module._compile (module.js:456:26),     at Object.Module._extensions..js (module.js:474:10),     at Module.load (module.js:356:32),     at Function.Module._load (module.js:312:12),     at Function.Module.runMain (module.js:497:10)]
2013-11-09T22:59:15.958Z - error: uncaughtException: Cannot find module 'passport-facebook' date=Sat Nov 09 2013 17:59:15 GMT-0500 (Eastern Standard Time), pid=8268, uid=null, gid=null, cwd=C:\Development\Programs\Repositories\tendo.io, execPath=C:\Program Files\nodejs\node.exe, version=v0.10.18, argv=[C:\Program Files\nodejs\node.exe, C:\Development\Programs\Repositories\tendo.io\server.js], rss=45903872, heapTotal=34235136, heapUsed=18781320, loadavg=[0, 0, 0], uptime=116313.453948, trace=[column=15, file=module.js, function=Function.Module._resolveFilename, line=338, method=Module._resolveFilename, native=false, column=25, file=module.js, function=Function.Module._load, line=280, method=Module._load, native=false, column=17, file=module.js, function=Module.require, line=364, method=require, native=false, column=17, file=module.js, function=require, line=380, method=null, native=false, column=56, file=C:\Development\Programs\Repositories\tendo.io\app\controllers\facebook.js, function=, line=16, method=null, native=false, column=26, file=module.js, function=Module._compile, line=456, method=_compile, native=false, column=10, file=module.js, function=Object.Module._extensions..js, line=474, method=Module._extensions..js, native=false, column=32, file=module.js, function=Module.load, line=356, method=load, native=false, column=12, file=module.js, function=Function.Module._load, line=312, method=Module._load, native=false, column=17, file=module.js, function=Module.require, line=364, method=require, native=false], stack=[Error: Cannot find module 'passport-facebook',     at Function.Module._resolveFilename (module.js:338:15),     at Function.Module._load (module.js:280:25),     at Module.require (module.js:364:17),     at require (module.js:380:17),     at Object.<anonymous> (C:\Development\Programs\Repositories\tendo.io\app\controllers\facebook.js:16:56),     at Module._compile (module.js:456:26),     at Object.Module._extensions..js (module.js:474:10),     at Module.load (module.js:356:32),     at Function.Module._load (module.js:312:12),     at Module.require (module.js:364:17)]
2013-11-09T22:59:48.076Z - error: uncaughtException: getConsolePeerId is not defined date=Sat Nov 09 2013 17:59:48 GMT-0500 (Eastern Standard Time), pid=8916, uid=null, gid=null, cwd=C:\Development\Programs\Repositories\tendo.io, execPath=C:\Program Files\nodejs\node.exe, version=v0.10.18, argv=[C:\Program Files\nodejs\node.exe, C:\Development\Programs\Repositories\tendo.io\server.js], rss=45785088, heapTotal=34235136, heapUsed=20418208, loadavg=[0, 0, 0], uptime=116345.5706532, trace=[column=14, file=C:\Development\Programs\Repositories\tendo.io\app\controllers\facebook.js, function=, line=41, method=null, native=false, column=26, file=module.js, function=Module._compile, line=456, method=_compile, native=false, column=10, file=module.js, function=Object.Module._extensions..js, line=474, method=Module._extensions..js, native=false, column=32, file=module.js, function=Module.load, line=356, method=load, native=false, column=12, file=module.js, function=Function.Module._load, line=312, method=Module._load, native=false, column=17, file=module.js, function=Module.require, line=364, method=require, native=false, column=17, file=module.js, function=require, line=380, method=null, native=false, column=34, file=C:\Development\Programs\Repositories\tendo.io\app\controllers\index.js, function=null, line=51, method=null, native=false, column=null, file=null, function=Array.forEach, line=null, method=forEach, native=true, column=27, file=C:\Development\Programs\Repositories\tendo.io\app\controllers\index.js, function=walk, line=42, method=null, native=false], stack=[ReferenceError: getConsolePeerId is not defined,     at Object.<anonymous> (C:\Development\Programs\Repositories\tendo.io\app\controllers\facebook.js:41:14),     at Module._compile (module.js:456:26),     at Object.Module._extensions..js (module.js:474:10),     at Module.load (module.js:356:32),     at Function.Module._load (module.js:312:12),     at Module.require (module.js:364:17),     at require (module.js:380:17),     at C:\Development\Programs\Repositories\tendo.io\app\controllers\index.js:51:34,     at Array.forEach (native),     at walk (C:\Development\Programs\Repositories\tendo.io\app\controllers\index.js:42:27)]
2013-11-09T23:40:58.357Z - error: uncaughtException: Object #<Object> has no method 'parser' date=Sat Nov 09 2013 18:40:58 GMT-0500 (Eastern Standard Time), pid=4400, uid=null, gid=null, cwd=C:\Development\Programs\Repositories\tendo.io, execPath=C:\Program Files\nodejs\node.exe, version=v0.10.18, argv=[C:\Program Files\nodejs\node.exe, C:\Development\Programs\Repositories\tendo.io\server.js], rss=51896320, heapTotal=54096128, heapUsed=19027264, loadavg=[0, 0, 0], uptime=118815.8507923, trace=[column=22, file=C:\Development\Programs\Repositories\tendo.io\app\controllers\facebook.js, function=Request._callback, line=34, method=_callback, native=false, column=22, file=C:\Development\Programs\Repositories\tendo.io\node_modules\request\request.js, function=Request.self.callback, line=129, method=self.callback, native=false, column=17, file=events.js, function=Request.EventEmitter.emit, line=98, method=EventEmitter.emit, native=false, column=14, file=C:\Development\Programs\Repositories\tendo.io\node_modules\request\request.js, function=, line=873, method=null, native=false, column=20, file=events.js, function=Request.EventEmitter.emit, line=117, method=EventEmitter.emit, native=false, column=12, file=C:\Development\Programs\Repositories\tendo.io\node_modules\request\request.js, function=, line=824, method=null, native=false, column=20, file=events.js, function=IncomingMessage.EventEmitter.emit, line=117, method=EventEmitter.emit, native=false, column=16, file=_stream_readable.js, function=null, line=920, method=null, native=false, column=13, file=node.js, function=process._tickDomainCallback, line=459, method=_tickDomainCallback, native=false], stack=[TypeError: Object #<Object> has no method 'parser',     at Request._callback (C:\Development\Programs\Repositories\tendo.io\app\controllers\facebook.js:34:22),     at Request.self.callback (C:\Development\Programs\Repositories\tendo.io\node_modules\request\request.js:129:22),     at Request.EventEmitter.emit (events.js:98:17),     at Request.<anonymous> (C:\Development\Programs\Repositories\tendo.io\node_modules\request\request.js:873:14),     at Request.EventEmitter.emit (events.js:117:20),     at IncomingMessage.<anonymous> (C:\Development\Programs\Repositories\tendo.io\node_modules\request\request.js:824:12),     at IncomingMessage.EventEmitter.emit (events.js:117:20),     at _stream_readable.js:920:16,     at process._tickDomainCallback (node.js:459:13)]
2013-11-09T23:42:10.790Z - error: uncaughtException: Unexpected token a date=Sat Nov 09 2013 18:42:10 GMT-0500 (Eastern Standard Time), pid=9176, uid=null, gid=null, cwd=C:\Development\Programs\Repositories\tendo.io, execPath=C:\Program Files\nodejs\node.exe, version=v0.10.18, argv=[C:\Program Files\nodejs\node.exe, C:\Development\Programs\Repositories\tendo.io\server.js], rss=52015104, heapTotal=54096128, heapUsed=18720768, loadavg=[0, 0, 0], uptime=118888.2854015, trace=[column=null, file=null, function=Object.parse, line=null, method=parse, native=true, column=22, file=C:\Development\Programs\Repositories\tendo.io\app\controllers\facebook.js, function=Request._callback, line=34, method=_callback, native=false, column=22, file=C:\Development\Programs\Repositories\tendo.io\node_modules\request\request.js, function=Request.self.callback, line=129, method=self.callback, native=false, column=17, file=events.js, function=Request.EventEmitter.emit, line=98, method=EventEmitter.emit, native=false, column=14, file=C:\Development\Programs\Repositories\tendo.io\node_modules\request\request.js, function=, line=873, method=null, native=false, column=20, file=events.js, function=Request.EventEmitter.emit, line=117, method=EventEmitter.emit, native=false, column=12, file=C:\Development\Programs\Repositories\tendo.io\node_modules\request\request.js, function=, line=824, method=null, native=false, column=20, file=events.js, function=IncomingMessage.EventEmitter.emit, line=117, method=EventEmitter.emit, native=false, column=16, file=_stream_readable.js, function=null, line=920, method=null, native=false, column=13, file=node.js, function=process._tickDomainCallback, line=459, method=_tickDomainCallback, native=false], stack=[SyntaxError: Unexpected token a,     at Object.parse (native),     at Request._callback (C:\Development\Programs\Repositories\tendo.io\app\controllers\facebook.js:34:22),     at Request.self.callback (C:\Development\Programs\Repositories\tendo.io\node_modules\request\request.js:129:22),     at Request.EventEmitter.emit (events.js:98:17),     at Request.<anonymous> (C:\Development\Programs\Repositories\tendo.io\node_modules\request\request.js:873:14),     at Request.EventEmitter.emit (events.js:117:20),     at IncomingMessage.<anonymous> (C:\Development\Programs\Repositories\tendo.io\node_modules\request\request.js:824:12),     at IncomingMessage.EventEmitter.emit (events.js:117:20),     at _stream_readable.js:920:16,     at process._tickDomainCallback (node.js:459:13)]
2013-11-09T23:46:05.071Z - error: uncaughtException: Unexpected token a date=Sat Nov 09 2013 18:46:05 GMT-0500 (Eastern Standard Time), pid=9676, uid=null, gid=null, cwd=C:\Development\Programs\Repositories\tendo.io, execPath=C:\Program Files\nodejs\node.exe, version=v0.10.18, argv=[C:\Program Files\nodejs\node.exe, C:\Development\Programs\Repositories\tendo.io\server.js], rss=51896320, heapTotal=54096128, heapUsed=19022192, loadavg=[0, 0, 0], uptime=119122.5664207, trace=[column=null, file=null, function=Object.parse, line=null, method=parse, native=true, column=20, file=C:\Development\Programs\Repositories\tendo.io\app\controllers\facebook.js, function=Request._callback, line=34, method=_callback, native=false, column=22, file=C:\Development\Programs\Repositories\tendo.io\node_modules\request\request.js, function=Request.self.callback, line=129, method=self.callback, native=false, column=17, file=events.js, function=Request.EventEmitter.emit, line=98, method=EventEmitter.emit, native=false, column=14, file=C:\Development\Programs\Repositories\tendo.io\node_modules\request\request.js, function=, line=873, method=null, native=false, column=20, file=events.js, function=Request.EventEmitter.emit, line=117, method=EventEmitter.emit, native=false, column=12, file=C:\Development\Programs\Repositories\tendo.io\node_modules\request\request.js, function=, line=824, method=null, native=false, column=20, file=events.js, function=IncomingMessage.EventEmitter.emit, line=117, method=EventEmitter.emit, native=false, column=16, file=_stream_readable.js, function=null, line=920, method=null, native=false, column=13, file=node.js, function=process._tickDomainCallback, line=459, method=_tickDomainCallback, native=false], stack=[SyntaxError: Unexpected token a,     at Object.parse (native),     at Request._callback (C:\Development\Programs\Repositories\tendo.io\app\controllers\facebook.js:34:20),     at Request.self.callback (C:\Development\Programs\Repositories\tendo.io\node_modules\request\request.js:129:22),     at Request.EventEmitter.emit (events.js:98:17),     at Request.<anonymous> (C:\Development\Programs\Repositories\tendo.io\node_modules\request\request.js:873:14),     at Request.EventEmitter.emit (events.js:117:20),     at IncomingMessage.<anonymous> (C:\Development\Programs\Repositories\tendo.io\node_modules\request\request.js:824:12),     at IncomingMessage.EventEmitter.emit (events.js:117:20),     at _stream_readable.js:920:16,     at process._tickDomainCallback (node.js:459:13)]
